# JRE version: Java(TM) SE Runtime Environment (8.0_45-b15) (build 1.8.0_45-b15)
# Java VM: Java HotSpot(TM) 64-Bit Server VM (25.45-b02 mixed mode windows-amd64 compressed oops)
Heap:
 PSYoungGen      total 182784K, used 147565K [0x00000000d5d00000, 0x00000000e7580000, 0x0000000100000000)
  eden space 175104K, 79% used [0x00000000d5d00000,0x00000000de5bf4a0,0x00000000e0800000)
  from space 7680K, 98% used [0x00000000e6e00000,0x00000000e755c0f0,0x00000000e7580000)
  to   space 12288K, 0% used [0x00000000e5d80000,0x00000000e5d80000,0x00000000e6980000)
 ParOldGen       total 91136K, used 40305K [0x0000000081600000, 0x0000000086f00000, 0x00000000d5d00000)
  object space 91136K, 44% used [0x0000000081600000,0x0000000083d5c6c8,0x0000000086f00000)
 Metaspace       used 53494K, capacity 55882K, committed 56192K, reserved 1097728K
  class space    used 7272K, capacity 7725K, committed 7808K, reserved 1048576K
GC Heap History (10 events):
Event: 137635.325 GC heap before
{Heap before GC invocations=22 (full 2):
 PSYoungGen      total 219648K, used 219504K [0x00000000d5d00000, 0x00000000e9400000, 0x0000000100000000)
  eden space 211968K, 100% used [0x00000000d5d00000,0x00000000e2c00000,0x00000000e2c00000)
  from space 7680K, 98% used [0x00000000e7d80000,0x00000000e84dc0d0,0x00000000e8500000)
  to   space 14336K, 0% used [0x00000000e8600000,0x00000000e8600000,0x00000000e9400000)
 ParOldGen       total 91136K, used 40281K [0x0000000081600000, 0x0000000086f00000, 0x00000000d5d00000)
  object space 91136K, 44% used [0x0000000081600000,0x0000000083d566c8,0x0000000086f00000)
 Metaspace       used 53475K, capacity 55876K, committed 56192K, reserved 1097728K
  class space    used 7270K, capacity 7724K, committed 7808K, reserved 1048576K
Event: 137635.381 GC heap after
Heap after GC invocations=22 (full 2):
 PSYoungGen      total 211456K, used 7536K [0x00000000d5d00000, 0x00000000e8d80000, 0x0000000100000000)
  eden space 203776K, 0% used [0x00000000d5d00000,0x00000000d5d00000,0x00000000e2400000)
  from space 7680K, 98% used [0x00000000e8600000,0x00000000e8d5c0f0,0x00000000e8d80000)
  to   space 14336K, 0% used [0x00000000e7180000,0x00000000e7180000,0x00000000e7f80000)
 ParOldGen       total 91136K, used 40289K [0x0000000081600000, 0x0000000086f00000, 0x00000000d5d00000)
  object space 91136K, 44% used [0x0000000081600000,0x0000000083d586c8,0x0000000086f00000)
 Metaspace       used 53475K, capacity 55876K, committed 56192K, reserved 1097728K
  class space    used 7270K, capacity 7724K, committed 7808K, reserved 1048576K
}
Event: 146796.483 GC heap before
{Heap before GC invocations=23 (full 2):
 PSYoungGen      total 211456K, used 211312K [0x00000000d5d00000, 0x00000000e8d80000, 0x0000000100000000)
  eden space 203776K, 100% used [0x00000000d5d00000,0x00000000e2400000,0x00000000e2400000)
  from space 7680K, 98% used [0x00000000e8600000,0x00000000e8d5c0f0,0x00000000e8d80000)
  to   space 14336K, 0% used [0x00000000e7180000,0x00000000e7180000,0x00000000e7f80000)
 ParOldGen       total 91136K, used 40289K [0x0000000081600000, 0x0000000086f00000, 0x00000000d5d00000)
  object space 91136K, 44% used [0x0000000081600000,0x0000000083d586c8,0x0000000086f00000)
 Metaspace       used 53475K, capacity 55876K, committed 56192K, reserved 1097728K
  class space    used 7270K, capacity 7724K, committed 7808K, reserved 1048576K
Event: 146796.679 GC heap after
Heap after GC invocations=23 (full 2):
 PSYoungGen      total 203776K, used 7520K [0x00000000d5d00000, 0x00000000e8680000, 0x0000000100000000)
  eden space 196096K, 0% used [0x00000000d5d00000,0x00000000d5d00000,0x00000000e1c80000)
  from space 7680K, 97% used [0x00000000e7180000,0x00000000e78d80e0,0x00000000e7900000)
  to   space 13824K, 0% used [0x00000000e7900000,0x00000000e7900000,0x00000000e8680000)
 ParOldGen       total 91136K, used 40297K [0x0000000081600000, 0x0000000086f00000, 0x00000000d5d00000)
  object space 91136K, 44% used [0x0000000081600000,0x0000000083d5a6c8,0x0000000086f00000)
 Metaspace       used 53475K, capacity 55876K, committed 56192K, reserved 1097728K
  class space    used 7270K, capacity 7724K, committed 7808K, reserved 1048576K
}
Event: 173795.318 GC heap before
{Heap before GC invocations=24 (full 2):
 PSYoungGen      total 203776K, used 203616K [0x00000000d5d00000, 0x00000000e8680000, 0x0000000100000000)
  eden space 196096K, 100% used [0x00000000d5d00000,0x00000000e1c80000,0x00000000e1c80000)
  from space 7680K, 97% used [0x00000000e7180000,0x00000000e78d80e0,0x00000000e7900000)
  to   space 13824K, 0% used [0x00000000e7900000,0x00000000e7900000,0x00000000e8680000)
 ParOldGen       total 91136K, used 40297K [0x0000000081600000, 0x0000000086f00000, 0x00000000d5d00000)
  object space 91136K, 44% used [0x0000000081600000,0x0000000083d5a6c8,0x0000000086f00000)
 Metaspace       used 53482K, capacity 55876K, committed 56192K, reserved 1097728K
  class space    used 7271K, capacity 7724K, committed 7808K, reserved 1048576K
Event: 173795.473 GC heap after
Heap after GC invocations=24 (full 2):
 PSYoungGen      total 196608K, used 7472K [0x00000000d5d00000, 0x00000000e8080000, 0x0000000100000000)
  eden space 188928K, 0% used [0x00000000d5d00000,0x00000000d5d00000,0x00000000e1580000)
  from space 7680K, 97% used [0x00000000e7900000,0x00000000e804c0b0,0x00000000e8080000)
  to   space 13312K, 0% used [0x00000000e6680000,0x00000000e6680000,0x00000000e7380000)
 ParOldGen       total 91136K, used 40305K [0x0000000081600000, 0x0000000086f00000, 0x00000000d5d00000)
  object space 91136K, 44% used [0x0000000081600000,0x0000000083d5c6c8,0x0000000086f00000)
 Metaspace       used 53482K, capacity 55876K, committed 56192K, reserved 1097728K
  class space    used 7271K, capacity 7724K, committed 7808K, reserved 1048576K
}
Event: 182259.338 GC heap before
{Heap before GC invocations=25 (full 2):
 PSYoungGen      total 196608K, used 196400K [0x00000000d5d00000, 0x00000000e8080000, 0x0000000100000000)
  eden space 188928K, 100% used [0x00000000d5d00000,0x00000000e1580000,0x00000000e1580000)
  from space 7680K, 97% used [0x00000000e7900000,0x00000000e804c0b0,0x00000000e8080000)
  to   space 13312K, 0% used [0x00000000e6680000,0x00000000e6680000,0x00000000e7380000)
 ParOldGen       total 91136K, used 40305K [0x0000000081600000, 0x0000000086f00000, 0x00000000d5d00000)
  object space 91136K, 44% used [0x0000000081600000,0x0000000083d5c6c8,0x0000000086f00000)
 Metaspace       used 53482K, capacity 55876K, committed 56192K, reserved 1097728K
  class space    used 7271K, capacity 7724K, committed 7808K, reserved 1048576K
Event: 182259.729 GC heap after
Heap after GC invocations=25 (full 2):
 PSYoungGen      total 189440K, used 7568K [0x00000000d5d00000, 0x00000000e7980000, 0x0000000100000000)
  eden space 181760K, 0% used [0x00000000d5d00000,0x00000000d5d00000,0x00000000e0e80000)
  from space 7680K, 98% used [0x00000000e6680000,0x00000000e6de40f0,0x00000000e6e00000)
  to   space 11776K, 0% used [0x00000000e6e00000,0x00000000e6e00000,0x00000000e7980000)
 ParOldGen       total 91136K, used 40305K [0x0000000081600000, 0x0000000086f00000, 0x00000000d5d00000)
  object space 91136K, 44% used [0x0000000081600000,0x0000000083d5c6c8,0x0000000086f00000)
 Metaspace       used 53482K, capacity 55876K, committed 56192K, reserved 1097728K
  class space    used 7271K, capacity 7724K, committed 7808K, reserved 1048576K
}
Event: 190469.139 GC heap before
{Heap before GC invocations=26 (full 2):
 PSYoungGen      total 189440K, used 189328K [0x00000000d5d00000, 0x00000000e7980000, 0x0000000100000000)
  eden space 181760K, 100% used [0x00000000d5d00000,0x00000000e0e80000,0x00000000e0e80000)
  from space 7680K, 98% used [0x00000000e6680000,0x00000000e6de40f0,0x00000000e6e00000)
  to   space 11776K, 0% used [0x00000000e6e00000,0x00000000e6e00000,0x00000000e7980000)
 ParOldGen       total 91136K, used 40305K [0x0000000081600000, 0x0000000086f00000, 0x00000000d5d00000)
  object space 91136K, 44% used [0x0000000081600000,0x0000000083d5c6c8,0x0000000086f00000)
 Metaspace       used 53482K, capacity 55876K, committed 56192K, reserved 1097728K
  class space    used 7271K, capacity 7724K, committed 7808K, reserved 1048576K
Event: 190486.788 GC heap after
Heap after GC invocations=26 (full 2):
 PSYoungGen      total 182784K, used 7536K [0x00000000d5d00000, 0x00000000e7580000, 0x0000000100000000)
  eden space 175104K, 0% used [0x00000000d5d00000,0x00000000d5d00000,0x00000000e0800000)
  from space 7680K, 98% used [0x00000000e6e00000,0x00000000e755c0f0,0x00000000e7580000)
  to   space 12288K, 0% used [0x00000000e5d80000,0x00000000e5d80000,0x00000000e6980000)
 ParOldGen       total 91136K, used 40305K [0x0000000081600000, 0x0000000086f00000, 0x00000000d5d00000)
  object space 91136K, 44% used [0x0000000081600000,0x0000000083d5c6c8,0x0000000086f00000)
 Metaspace       used 53482K, capacity 55876K, committed 56192K, reserved 1097728K
  class space    used 7271K, capacity 7724K, committed 7808K, reserved 1048576K
}

