# JRE version: Java(TM) SE Runtime Environment (8.0_45-b15) (build 1.8.0_45-b15)
# Java VM: Java HotSpot(TM) 64-Bit Server VM (25.45-b02 mixed mode windows-amd64 compressed oops)
Heap:
 PSYoungGen      total 617984K, used 133989K [0x00000000d5d00000, 0x00000000fe300000, 0x0000000100000000)
  eden space 607232K, 21% used [0x00000000d5d00000,0x00000000ddf596a8,0x00000000fae00000)
  from space 10752K, 4% used [0x00000000fd880000,0x00000000fd900000,0x00000000fe300000)
  to   space 27136K, 0% used [0x00000000fae00000,0x00000000fae00000,0x00000000fc880000)
 ParOldGen       total 89088K, used 47085K [0x0000000081600000, 0x0000000086d00000, 0x00000000d5d00000)
  object space 89088K, 52% used [0x0000000081600000,0x00000000843fb7d8,0x0000000086d00000)
 Metaspace       used 52452K, capacity 54836K, committed 55168K, reserved 1097728K
  class space    used 7247K, capacity 7688K, committed 7808K, reserved 1048576K
GC Heap History (10 events):
Event: 8.601 GC heap before
{Heap before GC invocations=10 (full 2):
 PSYoungGen      total 368128K, used 14353K [0x00000000d5d00000, 0x00000000f0400000, 0x0000000100000000)
  eden space 349696K, 0% used [0x00000000d5d00000,0x00000000d5d00000,0x00000000eb280000)
  from space 18432K, 77% used [0x00000000ec580000,0x00000000ed384580,0x00000000ed780000)
  to   space 19456K, 0% used [0x00000000eb280000,0x00000000eb280000,0x00000000ec580000)
 ParOldGen       total 61440K, used 18223K [0x0000000081600000, 0x0000000085200000, 0x00000000d5d00000)
  object space 61440K, 29% used [0x0000000081600000,0x00000000827cbd78,0x0000000085200000)
 Metaspace       used 33829K, capacity 35300K, committed 35456K, reserved 1079296K
  class space    used 4601K, capacity 4890K, committed 4992K, reserved 1048576K
Event: 8.778 GC heap after
Heap after GC invocations=10 (full 2):
 PSYoungGen      total 368128K, used 0K [0x00000000d5d00000, 0x00000000f0400000, 0x0000000100000000)
  eden space 349696K, 0% used [0x00000000d5d00000,0x00000000d5d00000,0x00000000eb280000)
  from space 18432K, 0% used [0x00000000ec580000,0x00000000ec580000,0x00000000ed780000)
  to   space 19456K, 0% used [0x00000000eb280000,0x00000000eb280000,0x00000000ec580000)
 ParOldGen       total 89088K, used 23253K [0x0000000081600000, 0x0000000086d00000, 0x00000000d5d00000)
  object space 89088K, 26% used [0x0000000081600000,0x0000000082cb5470,0x0000000086d00000)
 Metaspace       used 33829K, capacity 35300K, committed 35456K, reserved 1079296K
  class space    used 4601K, capacity 4890K, committed 4992K, reserved 1048576K
}
Event: 10.938 GC heap before
{Heap before GC invocations=11 (full 2):
 PSYoungGen      total 368128K, used 349696K [0x00000000d5d00000, 0x00000000f0400000, 0x0000000100000000)
  eden space 349696K, 100% used [0x00000000d5d00000,0x00000000eb280000,0x00000000eb280000)
  from space 18432K, 0% used [0x00000000ec580000,0x00000000ec580000,0x00000000ed780000)
  to   space 19456K, 0% used [0x00000000eb280000,0x00000000eb280000,0x00000000ec580000)
 ParOldGen       total 89088K, used 23253K [0x0000000081600000, 0x0000000086d00000, 0x00000000d5d00000)
  object space 89088K, 26% used [0x0000000081600000,0x0000000082cb5470,0x0000000086d00000)
 Metaspace       used 44595K, capacity 46600K, committed 46848K, reserved 1089536K
  class space    used 6208K, capacity 6583K, committed 6656K, reserved 1048576K
Event: 10.961 GC heap after
Heap after GC invocations=11 (full 2):
 PSYoungGen      total 369152K, used 19449K [0x00000000d5d00000, 0x00000000f6380000, 0x0000000100000000)
  eden space 349696K, 0% used [0x00000000d5d00000,0x00000000d5d00000,0x00000000eb280000)
  from space 19456K, 99% used [0x00000000eb280000,0x00000000ec57e6d0,0x00000000ec580000)
  to   space 22528K, 0% used [0x00000000f4d80000,0x00000000f4d80000,0x00000000f6380000)
 ParOldGen       total 89088K, used 23421K [0x0000000081600000, 0x0000000086d00000, 0x00000000d5d00000)
  object space 89088K, 26% used [0x0000000081600000,0x0000000082cdf750,0x0000000086d00000)
 Metaspace       used 44595K, capacity 46600K, committed 46848K, reserved 1089536K
  class space    used 6208K, capacity 6583K, committed 6656K, reserved 1048576K
}
Event: 3091.384 GC heap before
{Heap before GC invocations=12 (full 2):
 PSYoungGen      total 369152K, used 369145K [0x00000000d5d00000, 0x00000000f6380000, 0x0000000100000000)
  eden space 349696K, 100% used [0x00000000d5d00000,0x00000000eb280000,0x00000000eb280000)
  from space 19456K, 99% used [0x00000000eb280000,0x00000000ec57e6d0,0x00000000ec580000)
  to   space 22528K, 0% used [0x00000000f4d80000,0x00000000f4d80000,0x00000000f6380000)
 ParOldGen       total 89088K, used 23421K [0x0000000081600000, 0x0000000086d00000, 0x00000000d5d00000)
  object space 89088K, 26% used [0x0000000081600000,0x0000000082cdf750,0x0000000086d00000)
 Metaspace       used 52124K, capacity 54498K, committed 54656K, reserved 1095680K
  class space    used 7242K, capacity 7685K, committed 7808K, reserved 1048576K
Event: 3113.953 GC heap after
Heap after GC invocations=12 (full 2):
 PSYoungGen      total 497152K, used 22526K [0x00000000d5d00000, 0x00000000f6380000, 0x0000000100000000)
  eden space 474624K, 0% used [0x00000000d5d00000,0x00000000d5d00000,0x00000000f2c80000)
  from space 22528K, 99% used [0x00000000f4d80000,0x00000000f637fa88,0x00000000f6380000)
  to   space 26624K, 0% used [0x00000000f2f80000,0x00000000f2f80000,0x00000000f4980000)
 ParOldGen       total 89088K, used 26250K [0x0000000081600000, 0x0000000086d00000, 0x00000000d5d00000)
  object space 89088K, 29% used [0x0000000081600000,0x0000000082fa2b50,0x0000000086d00000)
 Metaspace       used 52124K, capacity 54498K, committed 54656K, reserved 1095680K
  class space    used 7242K, capacity 7685K, committed 7808K, reserved 1048576K
}
Event: 46784.434 GC heap before
{Heap before GC invocations=13 (full 2):
 PSYoungGen      total 497152K, used 497150K [0x00000000d5d00000, 0x00000000f6380000, 0x0000000100000000)
  eden space 474624K, 100% used [0x00000000d5d00000,0x00000000f2c80000,0x00000000f2c80000)
  from space 22528K, 99% used [0x00000000f4d80000,0x00000000f637fa88,0x00000000f6380000)
  to   space 26624K, 0% used [0x00000000f2f80000,0x00000000f2f80000,0x00000000f4980000)
 ParOldGen       total 89088K, used 26250K [0x0000000081600000, 0x0000000086d00000, 0x00000000d5d00000)
  object space 89088K, 29% used [0x0000000081600000,0x0000000082fa2b50,0x0000000086d00000)
 Metaspace       used 52379K, capacity 54772K, committed 54912K, reserved 1095680K
  class space    used 7247K, capacity 7688K, committed 7808K, reserved 1048576K
Event: 46801.589 GC heap after
Heap after GC invocations=13 (full 2):
 PSYoungGen      total 504320K, used 2176K [0x00000000d5d00000, 0x00000000ff280000, 0x0000000100000000)
  eden space 477696K, 0% used [0x00000000d5d00000,0x00000000d5d00000,0x00000000f2f80000)
  from space 26624K, 8% used [0x00000000f2f80000,0x00000000f31a0180,0x00000000f4980000)
  to   space 26624K, 0% used [0x00000000fd880000,0x00000000fd880000,0x00000000ff280000)
 ParOldGen       total 89088K, used 45276K [0x0000000081600000, 0x0000000086d00000, 0x00000000d5d00000)
  object space 89088K, 50% used [0x0000000081600000,0x00000000842371b8,0x0000000086d00000)
 Metaspace       used 52379K, capacity 54772K, committed 54912K, reserved 1095680K
  class space    used 7247K, capacity 7688K, committed 7808K, reserved 1048576K
}
Event: 172768.588 GC heap before
{Heap before GC invocations=14 (full 2):
 PSYoungGen      total 504320K, used 479872K [0x00000000d5d00000, 0x00000000ff280000, 0x0000000100000000)
  eden space 477696K, 100% used [0x00000000d5d00000,0x00000000f2f80000,0x00000000f2f80000)
  from space 26624K, 8% used [0x00000000f2f80000,0x00000000f31a0180,0x00000000f4980000)
  to   space 26624K, 0% used [0x00000000fd880000,0x00000000fd880000,0x00000000ff280000)
 ParOldGen       total 89088K, used 45276K [0x0000000081600000, 0x0000000086d00000, 0x00000000d5d00000)
  object space 89088K, 50% used [0x0000000081600000,0x00000000842371b8,0x0000000086d00000)
 Metaspace       used 52452K, capacity 54836K, committed 55168K, reserved 1097728K
  class space    used 7247K, capacity 7688K, committed 7808K, reserved 1048576K
Event: 172782.383 GC heap after
Heap after GC invocations=14 (full 2):
 PSYoungGen      total 617984K, used 512K [0x00000000d5d00000, 0x00000000fe300000, 0x0000000100000000)
  eden space 607232K, 0% used [0x00000000d5d00000,0x00000000d5d00000,0x00000000fae00000)
  from space 10752K, 4% used [0x00000000fd880000,0x00000000fd900000,0x00000000fe300000)
  to   space 27136K, 0% used [0x00000000fae00000,0x00000000fae00000,0x00000000fc880000)
 ParOldGen       total 89088K, used 47085K [0x0000000081600000, 0x0000000086d00000, 0x00000000d5d00000)
  object space 89088K, 52% used [0x0000000081600000,0x00000000843fb7d8,0x0000000086d00000)
 Metaspace       used 52452K, capacity 54836K, committed 55168K, reserved 1097728K
  class space    used 7247K, capacity 7688K, committed 7808K, reserved 1048576K
}

